<?xml version="1.0" encoding="UTF-8"?>
<!-- Generated by org.testng.reporters.JUnitReportReporter -->
<testsuite skipped="0" hostname="DESKTOP-IQOQ25D" name="remedy.health.Bookstore" tests="1" failures="0" timestamp="12 Apr 2017 08:45:23 GMT" time="26.989" errors="0">
  <testcase name="CheckBookstore" time="26.989" classname="remedy.health.Bookstore"/>
</testsuite> <!-- remedy.health.Bookstore -->
