<?xml version="1.0" encoding="UTF-8"?>
<!-- Generated by org.testng.reporters.JUnitReportReporter -->
<testsuite skipped="0" hostname="DESKTOP-IQOQ25D" name="remedy.health.HealthCareandCosts" tests="1" failures="0" timestamp="12 Apr 2017 09:06:54 GMT" time="24.217" errors="0">
  <testcase name="TestHealthCareandCosts" time="24.217" classname="remedy.health.HealthCareandCosts"/>
</testsuite> <!-- remedy.health.HealthCareandCosts -->
