<?xml version="1.0" encoding="UTF-8"?>
<!-- Generated by org.testng.reporters.JUnitReportReporter -->
<testsuite skipped="0" hostname="DESKTOP-IQOQ25D" name="remedy.health.DrugsandSupplements" tests="1" failures="0" timestamp="12 Apr 2017 08:50:36 GMT" time="48.342" errors="0">
  <testcase name="TestDrugsandSpplements" time="48.342" classname="remedy.health.DrugsandSupplements"/>
</testsuite> <!-- remedy.health.DrugsandSupplements -->
