<?xml version="1.0" encoding="UTF-8"?>
<!-- Generated by org.testng.reporters.JUnitReportReporter -->
<testsuite skipped="0" hostname="DESKTOP-IQOQ25D" name="remedy.health.AboutUs" tests="1" failures="0" timestamp="12 Apr 2017 06:53:32 GMT" time="8.617" errors="0">
  <testcase name="CheckAboutUs" time="8.617" classname="remedy.health.AboutUs"/>
</testsuite> <!-- remedy.health.AboutUs -->
