<?xml version="1.0" encoding="UTF-8"?>
<!-- Generated by org.testng.reporters.JUnitReportReporter -->
<testsuite skipped="0" hostname="DESKTOP-IQOQ25D" name="remedy.health.Memory" tests="1" failures="0" timestamp="5 Dec 2016 08:58:23 GMT" time="6.686" errors="0">
  <testcase name="TestMemory" time="6.686" classname="remedy.health.Memory"/>
</testsuite> <!-- remedy.health.Memory -->
