<?xml version="1.0" encoding="UTF-8"?>
<!-- Generated by org.testng.reporters.JUnitReportReporter -->
<testsuite skipped="0" hostname="DESKTOP-IQOQ25D" name="remedy.health.TopicMainContents" tests="1" failures="0" timestamp="5 Dec 2016 06:28:57 GMT" time="8.789" errors="0">
  <testcase name="CheckTopicMainContents" time="8.789" classname="remedy.health.TopicMainContents"/>
</testsuite> <!-- remedy.health.TopicMainContents -->
