<?xml version="1.0" encoding="UTF-8"?>
<!-- Generated by org.testng.reporters.JUnitReportReporter -->
<testsuite skipped="0" hostname="DESKTOP-IQOQ25D" name="remedy.health.ArticlePage" tests="1" failures="0" timestamp="12 Apr 2017 08:43:36 GMT" time="34.777" errors="0">
  <testcase name="CheckArticles" time="34.777" classname="remedy.health.ArticlePage"/>
</testsuite> <!-- remedy.health.ArticlePage -->
