<?xml version="1.0" encoding="UTF-8"?>
<!-- Generated by org.testng.reporters.JUnitReportReporter -->
<testsuite skipped="0" hostname="DESKTOP-IQOQ25D" name="remedy.health.SexandRelationships" tests="1" failures="0" timestamp="11 Apr 2017 10:47:45 GMT" time="14.304" errors="0">
  <testcase name="TestSexandRelationships" time="14.304" classname="remedy.health.SexandRelationships"/>
</testsuite> <!-- remedy.health.SexandRelationships -->
