<?xml version="1.0" encoding="UTF-8"?>
<!-- Generated by org.testng.reporters.JUnitReportReporter -->
<testsuite skipped="0" hostname="DESKTOP-IQOQ25D" name="remedy.health.SearchEngineOptimization" tests="1" failures="0" timestamp="20 Dec 2016 12:50:02 GMT" time="5.420" errors="0">
  <testcase name="TestSearchEngine" time="5.420" classname="remedy.health.SearchEngineOptimization"/>
</testsuite> <!-- remedy.health.SearchEngineOptimization -->
