<?xml version="1.0" encoding="UTF-8"?>
<!-- Generated by org.testng.reporters.JUnitReportReporter -->
<testsuite skipped="0" hostname="DESKTOP-IQOQ25D" name="remedy.health.SharedControls" tests="1" failures="0" timestamp="11 Apr 2017 10:52:35 GMT" time="9.098" errors="0">
  <testcase name="TestSharedControls" time="9.098" classname="remedy.health.SharedControls"/>
</testsuite> <!-- remedy.health.SharedControls -->
