<?xml version="1.0" encoding="UTF-8"?>
<!-- Generated by org.testng.reporters.JUnitReportReporter -->
<testsuite skipped="0" hostname="DESKTOP-IQOQ25D" name="remedy.health.FoodandFitness" tests="1" failures="0" timestamp="12 Apr 2017 08:53:07 GMT" time="97.063" errors="0">
  <testcase name="TestFoodandFitness" time="97.063" classname="remedy.health.FoodandFitness"/>
</testsuite> <!-- remedy.health.FoodandFitness -->
